# JRE version: Java(TM) SE Runtime Environment (7.0_45-b18) (build 1.7.0_45-b18)
# Java VM: Java HotSpot(TM) 64-Bit Server VM (24.45-b08 mixed mode windows-amd64 compressed oops)
Heap
 PSYoungGen      total 138240K, used 5282K [0x00000007d5c80000, 0x00000007de880000, 0x0000000800000000)
  eden space 133120K, 3% used [0x00000007d5c80000,0x00000007d61a8b28,0x00000007dde80000)
  from space 5120K, 0% used [0x00000007dde80000,0x00000007dde80000,0x00000007de380000)
  to   space 5120K, 0% used [0x00000007de380000,0x00000007de380000,0x00000007de880000)
 ParOldGen       total 86016K, used 20143K [0x0000000781600000, 0x0000000786a00000, 0x00000007d5c80000)
  object space 86016K, 23% used [0x0000000781600000,0x00000007829abc80,0x0000000786a00000)
 PSPermGen       total 53760K, used 26032K [0x000000077c400000, 0x000000077f880000, 0x0000000781600000)
  object space 53760K, 48% used [0x000000077c400000,0x000000077dd6c328,0x000000077f880000)
GC Heap History (10 events):
Event: 1.020 GC heap before
{Heap before GC invocations=2 (full 0):
 PSYoungGen      total 38400K, used 37547K [0x00000007d5c80000, 0x00000007da780000, 0x0000000800000000)
  eden space 33280K, 100% used [0x00000007d5c80000,0x00000007d7d00000,0x00000007d7d00000)
  from space 5120K, 83% used [0x00000007d7d00000,0x00000007d812af38,0x00000007d8200000)
  to   space 5120K, 0% used [0x00000007da280000,0x00000007da280000,0x00000007da780000)
 ParOldGen       total 86016K, used 0K [0x0000000781600000, 0x0000000786a00000, 0x00000007d5c80000)
  object space 86016K, 0% used [0x0000000781600000,0x0000000781600000,0x0000000786a00000)
 PSPermGen       total 21504K, used 11331K [0x000000077c400000, 0x000000077d900000, 0x0000000781600000)
  object space 21504K, 52% used [0x000000077c400000,0x000000077cf10c88,0x000000077d900000)
Event: 1.025 GC heap after
Heap after GC invocations=2 (full 0):
 PSYoungGen      total 71680K, used 5089K [0x00000007d5c80000, 0x00000007da780000, 0x0000000800000000)
  eden space 66560K, 0% used [0x00000007d5c80000,0x00000007d5c80000,0x00000007d9d80000)
  from space 5120K, 99% used [0x00000007da280000,0x00000007da778578,0x00000007da780000)
  to   space 5120K, 0% used [0x00000007d9d80000,0x00000007d9d80000,0x00000007da280000)
 ParOldGen       total 86016K, used 1624K [0x0000000781600000, 0x0000000786a00000, 0x00000007d5c80000)
  object space 86016K, 1% used [0x0000000781600000,0x0000000781796120,0x0000000786a00000)
 PSPermGen       total 21504K, used 11331K [0x000000077c400000, 0x000000077d900000, 0x0000000781600000)
  object space 21504K, 52% used [0x000000077c400000,0x000000077cf10c88,0x000000077d900000)
}
Event: 2.003 GC heap before
{Heap before GC invocations=3 (full 0):
 PSYoungGen      total 71680K, used 71649K [0x00000007d5c80000, 0x00000007da780000, 0x0000000800000000)
  eden space 66560K, 100% used [0x00000007d5c80000,0x00000007d9d80000,0x00000007d9d80000)
  from space 5120K, 99% used [0x00000007da280000,0x00000007da778578,0x00000007da780000)
  to   space 5120K, 0% used [0x00000007d9d80000,0x00000007d9d80000,0x00000007da280000)
 ParOldGen       total 86016K, used 1624K [0x0000000781600000, 0x0000000786a00000, 0x00000007d5c80000)
  object space 86016K, 1% used [0x0000000781600000,0x0000000781796120,0x0000000786a00000)
 PSPermGen       total 21504K, used 16767K [0x000000077c400000, 0x000000077d900000, 0x0000000781600000)
  object space 21504K, 77% used [0x000000077c400000,0x000000077d45fcc0,0x000000077d900000)
Event: 2.011 GC heap after
Heap after GC invocations=3 (full 0):
 PSYoungGen      total 71680K, used 5104K [0x00000007d5c80000, 0x00000007de880000, 0x0000000800000000)
  eden space 66560K, 0% used [0x00000007d5c80000,0x00000007d5c80000,0x00000007d9d80000)
  from space 5120K, 99% used [0x00000007d9d80000,0x00000007da27c030,0x00000007da280000)
  to   space 5120K, 0% used [0x00000007de380000,0x00000007de380000,0x00000007de880000)
 ParOldGen       total 86016K, used 5819K [0x0000000781600000, 0x0000000786a00000, 0x00000007d5c80000)
  object space 86016K, 6% used [0x0000000781600000,0x0000000781baee18,0x0000000786a00000)
 PSPermGen       total 21504K, used 16767K [0x000000077c400000, 0x000000077d900000, 0x0000000781600000)
  object space 21504K, 77% used [0x000000077c400000,0x000000077d45fcc0,0x000000077d900000)
}
Event: 2.767 GC heap before
{Heap before GC invocations=4 (full 0):
 PSYoungGen      total 71680K, used 71664K [0x00000007d5c80000, 0x00000007de880000, 0x0000000800000000)
  eden space 66560K, 100% used [0x00000007d5c80000,0x00000007d9d80000,0x00000007d9d80000)
  from space 5120K, 99% used [0x00000007d9d80000,0x00000007da27c030,0x00000007da280000)
  to   space 5120K, 0% used [0x00000007de380000,0x00000007de380000,0x00000007de880000)
 ParOldGen       total 86016K, used 5819K [0x0000000781600000, 0x0000000786a00000, 0x00000007d5c80000)
  object space 86016K, 6% used [0x0000000781600000,0x0000000781baee18,0x0000000786a00000)
 PSPermGen       total 24064K, used 23628K [0x000000077c400000, 0x000000077db80000, 0x0000000781600000)
  object space 24064K, 98% used [0x000000077c400000,0x000000077db13138,0x000000077db80000)
Event: 2.781 GC heap after
Heap after GC invocations=4 (full 0):
 PSYoungGen      total 138240K, used 5088K [0x00000007d5c80000, 0x00000007de880000, 0x0000000800000000)
  eden space 133120K, 0% used [0x00000007d5c80000,0x00000007d5c80000,0x00000007dde80000)
  from space 5120K, 99% used [0x00000007de380000,0x00000007de878010,0x00000007de880000)
  to   space 5120K, 0% used [0x00000007dde80000,0x00000007dde80000,0x00000007de380000)
 ParOldGen       total 86016K, used 15437K [0x0000000781600000, 0x0000000786a00000, 0x00000007d5c80000)
  object space 86016K, 17% used [0x0000000781600000,0x0000000782513668,0x0000000786a00000)
 PSPermGen       total 24064K, used 23628K [0x000000077c400000, 0x000000077db80000, 0x0000000781600000)
  object space 24064K, 98% used [0x000000077c400000,0x000000077db13138,0x000000077db80000)
}
Event: 3.987 GC heap before
{Heap before GC invocations=5 (full 0):
 PSYoungGen      total 138240K, used 112675K [0x00000007d5c80000, 0x00000007de880000, 0x0000000800000000)
  eden space 133120K, 80% used [0x00000007d5c80000,0x00000007dc590e50,0x00000007dde80000)
  from space 5120K, 99% used [0x00000007de380000,0x00000007de878010,0x00000007de880000)
  to   space 5120K, 0% used [0x00000007dde80000,0x00000007dde80000,0x00000007de380000)
 ParOldGen       total 86016K, used 15437K [0x0000000781600000, 0x0000000786a00000, 0x00000007d5c80000)
  object space 86016K, 17% used [0x0000000781600000,0x0000000782513668,0x0000000786a00000)
 PSPermGen       total 27648K, used 27440K [0x000000077c400000, 0x000000077df00000, 0x0000000781600000)
  object space 27648K, 99% used [0x000000077c400000,0x000000077decc230,0x000000077df00000)
Event: 4.001 GC heap after
Heap after GC invocations=5 (full 0):
 PSYoungGen      total 138240K, used 5104K [0x00000007d5c80000, 0x00000007de880000, 0x0000000800000000)
  eden space 133120K, 0% used [0x00000007d5c80000,0x00000007d5c80000,0x00000007dde80000)
  from space 5120K, 99% used [0x00000007dde80000,0x00000007de37c030,0x00000007de380000)
  to   space 5120K, 0% used [0x00000007de380000,0x00000007de380000,0x00000007de880000)
 ParOldGen       total 86016K, used 24307K [0x0000000781600000, 0x0000000786a00000, 0x00000007d5c80000)
  object space 86016K, 28% used [0x0000000781600000,0x0000000782dbced0,0x0000000786a00000)
 PSPermGen       total 27648K, used 27440K [0x000000077c400000, 0x000000077df00000, 0x0000000781600000)
  object space 27648K, 99% used [0x000000077c400000,0x000000077decc230,0x000000077df00000)
}
Event: 4.001 GC heap before
{Heap before GC invocations=6 (full 1):
 PSYoungGen      total 138240K, used 5104K [0x00000007d5c80000, 0x00000007de880000, 0x0000000800000000)
  eden space 133120K, 0% used [0x00000007d5c80000,0x00000007d5c80000,0x00000007dde80000)
  from space 5120K, 99% used [0x00000007dde80000,0x00000007de37c030,0x00000007de380000)
  to   space 5120K, 0% used [0x00000007de380000,0x00000007de380000,0x00000007de880000)
 ParOldGen       total 86016K, used 24307K [0x0000000781600000, 0x0000000786a00000, 0x00000007d5c80000)
  object space 86016K, 28% used [0x0000000781600000,0x0000000782dbced0,0x0000000786a00000)
 PSPermGen       total 27648K, used 27440K [0x000000077c400000, 0x000000077df00000, 0x0000000781600000)
  object space 27648K, 99% used [0x000000077c400000,0x000000077decc230,0x000000077df00000)
Event: 4.101 GC heap after
Heap after GC invocations=6 (full 1):
 PSYoungGen      total 138240K, used 0K [0x00000007d5c80000, 0x00000007de880000, 0x0000000800000000)
  eden space 133120K, 0% used [0x00000007d5c80000,0x00000007d5c80000,0x00000007dde80000)
  from space 5120K, 0% used [0x00000007dde80000,0x00000007dde80000,0x00000007de380000)
  to   space 5120K, 0% used [0x00000007de380000,0x00000007de380000,0x00000007de880000)
 ParOldGen       total 86016K, used 20143K [0x0000000781600000, 0x0000000786a00000, 0x00000007d5c80000)
  object space 86016K, 23% used [0x0000000781600000,0x00000007829abc80,0x0000000786a00000)
 PSPermGen       total 53760K, used 26029K [0x000000077c400000, 0x000000077f880000, 0x0000000781600000)
  object space 53760K, 48% used [0x000000077c400000,0x000000077dd6b498,0x000000077f880000)
}

